SF:/mnt/c/Users/Dell/Documents/GitHub/rETL/components/transform/src/lib.rs
FN:29,_RNvNtCsdQReipVvuKp_9transform5testss_34test_select_columns_and_limit_rows
FN:23,_RNvNtCsdQReipVvuKp_9transform5testss_8it_works
FN:14,_RNvCsdQReipVvuKp_9transform10limit_rows
FN:8,_RNvCsdQReipVvuKp_9transform14select_columns
FN:4,_RNvCsdQReipVvuKp_9transform3add
FN:9,_RNCNvCsdQReipVvuKp_9transform14select_columns0B3_
FNDA:1,_RNvNtCsdQReipVvuKp_9transform5testss_34test_select_columns_and_limit_rows
FNDA:1,_RNvNtCsdQReipVvuKp_9transform5testss_8it_works
FNDA:1,_RNvCsdQReipVvuKp_9transform10limit_rows
FNDA:1,_RNvCsdQReipVvuKp_9transform14select_columns
FNDA:1,_RNvCsdQReipVvuKp_9transform3add
FNDA:1,_RNCNvCsdQReipVvuKp_9transform14select_columns0B3_
FNF:6
FNH:6
DA:4,1
DA:5,1
DA:6,1
DA:8,1
DA:9,1
DA:10,1
DA:11,1
DA:12,1
DA:14,1
DA:15,1
DA:16,1
DA:23,1
DA:24,1
DA:25,1
DA:26,1
DA:29,1
DA:31,1
DA:32,1
DA:33,1
DA:34,1
DA:35,1
DA:36,1
DA:37,1
BRF:0
BRH:0
LF:24
LH:24
end_of_record