SF:/mnt/c/Users/Dell/Documents/GitHub/rETL/components/load/src/lib.rs
FN:38,_RNvNtCs5e8zFWcseQX_4load5testss_14test_load_json
FN:31,_RNvNtCs5e8zFWcseQX_4load5testss_8it_works
FN:5,_RNvCs5e8zFWcseQX_4load3add
FN:21,_RNvCs5e8zFWcseQX_4load9load_json
FN:16,_RNvCs5e8zFWcseQX_4load12load_parquet
FN:9,_RNvCs5e8zFWcseQX_4load8load_csv
FNDA:1,_RNvNtCs5e8zFWcseQX_4load5testss_14test_load_json
FNDA:1,_RNvNtCs5e8zFWcseQX_4load5testss_8it_works
FNDA:1,_RNvCs5e8zFWcseQX_4load3add
FNDA:1,_RNvCs5e8zFWcseQX_4load9load_json
FNDA:0,_RNvCs5e8zFWcseQX_4load12load_parquet
FNDA:0,_RNvCs5e8zFWcseQX_4load8load_csv
FNF:6
FNH:4
DA:5,1
DA:6,1
DA:7,1
DA:9,0
DA:10,0
DA:11,0
DA:12,0
DA:13,0
DA:14,0
DA:16,0
DA:17,0
DA:18,0
DA:21,1
DA:22,1
DA:23,1
DA:31,1
DA:32,1
DA:33,1
DA:34,1
DA:38,1
DA:40,1
DA:41,1
DA:42,1
DA:43,1
DA:44,1
BRF:0
BRH:0
LF:25
LH:16
end_of_record